<?xml version="1.0" encoding="UTF-8"?>
<!-- Generated by org.testng.reporters.JUnitXMLReporter -->
<testsuite ignored="0" hostname="Khalid" failures="0" tests="6" name="Default test" time="93.628" errors="0" timestamp="2024-09-02T14:13:08 IST">
  <testcase classname="Test_Scripts_Sports_Fitness.Testing_Links" name="Test1_Testing_Links_Of_SportsFitness_SubCategory" time="4.488"/>
  <testcase classname="Test_Scripts_Sports_Fitness.Testing_Links" name="Testing_Search_Functionality" time="6.105"/>
  <testcase classname="Test_Scripts_Sports_Fitness.Testing_Links" name="Testing_Filter_Functionality" time="8.783"/>
  <testcase classname="Test_Scripts_Sports_Fitness.Testing_Links" name="Testing_Compare_Functionality" time="8.05"/>
  <testcase classname="Test_Scripts_Sports_Fitness.Testing_Links" name="Testing_Quick_view_Functionality" time="10.186"/>
  <testcase classname="Test_Scripts_Sports_Fitness.Testing_Links" name="Testing_AddToCart_Functionality" time="20.602"/>
</testsuite> <!-- Default test -->
