<?xml version="1.0" encoding="UTF-8"?>
<testng-results ignored="0" total="6" passed="6" failed="0" skipped="0">
  <reporter-output>
  </reporter-output>
  <suite started-at="2024-09-02T14:11:34 IST" name="Default suite" finished-at="2024-09-02T14:13:08 IST" duration-ms="93628">
    <groups>
    </groups>
    <test started-at="2024-09-02T14:11:34 IST" name="Default test" finished-at="2024-09-02T14:13:08 IST" duration-ms="93628">
      <class name="Test_Scripts_Sports_Fitness.Testing_Links">
        <test-method is-config="true" signature="Report_config()[pri:0, instance:Test_Scripts_Sports_Fitness.Testing_Links@17f9d882]" started-at="2024-09-02T14:11:34 IST" name="Report_config" finished-at="2024-09-02T14:11:35 IST" duration-ms="329" status="PASS">
          <reporter-output>
          </reporter-output>
        </test-method> <!-- Report_config -->
        <test-method is-config="true" signature="SetUp()[pri:0, instance:Test_Scripts_Sports_Fitness.Testing_Links@17f9d882]" started-at="2024-09-02T14:11:35 IST" name="SetUp" finished-at="2024-09-02T14:11:40 IST" duration-ms="4984" status="PASS">
          <reporter-output>
          </reporter-output>
        </test-method> <!-- SetUp -->
        <test-method signature="Test1_Testing_Links_Of_SportsFitness_SubCategory()[pri:1, instance:Test_Scripts_Sports_Fitness.Testing_Links@17f9d882]" started-at="2024-09-02T14:11:40 IST" name="Test1_Testing_Links_Of_SportsFitness_SubCategory" finished-at="2024-09-02T14:11:44 IST" duration-ms="4488" status="PASS">
          <reporter-output>
          </reporter-output>
        </test-method> <!-- Test1_Testing_Links_Of_SportsFitness_SubCategory -->
        <test-method is-config="true" signature="TearDown()[pri:0, instance:Test_Scripts_Sports_Fitness.Testing_Links@17f9d882]" started-at="2024-09-02T14:11:44 IST" name="TearDown" finished-at="2024-09-02T14:11:45 IST" duration-ms="456" status="PASS">
          <reporter-output>
          </reporter-output>
        </test-method> <!-- TearDown -->
        <test-method is-config="true" signature="SetUp()[pri:0, instance:Test_Scripts_Sports_Fitness.Testing_Links@17f9d882]" started-at="2024-09-02T14:11:45 IST" name="SetUp" finished-at="2024-09-02T14:11:53 IST" duration-ms="8451" status="PASS">
          <reporter-output>
          </reporter-output>
        </test-method> <!-- SetUp -->
        <test-method signature="Testing_Search_Functionality()[pri:2, instance:Test_Scripts_Sports_Fitness.Testing_Links@17f9d882]" started-at="2024-09-02T14:11:53 IST" name="Testing_Search_Functionality" finished-at="2024-09-02T14:11:59 IST" duration-ms="6105" status="PASS">
          <reporter-output>
          </reporter-output>
        </test-method> <!-- Testing_Search_Functionality -->
        <test-method is-config="true" signature="TearDown()[pri:0, instance:Test_Scripts_Sports_Fitness.Testing_Links@17f9d882]" started-at="2024-09-02T14:11:59 IST" name="TearDown" finished-at="2024-09-02T14:12:00 IST" duration-ms="414" status="PASS">
          <reporter-output>
          </reporter-output>
        </test-method> <!-- TearDown -->
        <test-method is-config="true" signature="SetUp()[pri:0, instance:Test_Scripts_Sports_Fitness.Testing_Links@17f9d882]" started-at="2024-09-02T14:12:00 IST" name="SetUp" finished-at="2024-09-02T14:12:03 IST" duration-ms="3833" status="PASS">
          <reporter-output>
          </reporter-output>
        </test-method> <!-- SetUp -->
        <test-method signature="Testing_Filter_Functionality()[pri:3, instance:Test_Scripts_Sports_Fitness.Testing_Links@17f9d882]" started-at="2024-09-02T14:12:03 IST" name="Testing_Filter_Functionality" finished-at="2024-09-02T14:12:12 IST" duration-ms="8783" status="PASS">
          <reporter-output>
          </reporter-output>
        </test-method> <!-- Testing_Filter_Functionality -->
        <test-method is-config="true" signature="TearDown()[pri:0, instance:Test_Scripts_Sports_Fitness.Testing_Links@17f9d882]" started-at="2024-09-02T14:12:12 IST" name="TearDown" finished-at="2024-09-02T14:12:14 IST" duration-ms="1922" status="PASS">
          <reporter-output>
          </reporter-output>
        </test-method> <!-- TearDown -->
        <test-method is-config="true" signature="SetUp()[pri:0, instance:Test_Scripts_Sports_Fitness.Testing_Links@17f9d882]" started-at="2024-09-02T14:12:14 IST" name="SetUp" finished-at="2024-09-02T14:12:18 IST" duration-ms="3788" status="PASS">
          <reporter-output>
          </reporter-output>
        </test-method> <!-- SetUp -->
        <test-method signature="Testing_Compare_Functionality()[pri:4, instance:Test_Scripts_Sports_Fitness.Testing_Links@17f9d882]" started-at="2024-09-02T14:12:18 IST" name="Testing_Compare_Functionality" finished-at="2024-09-02T14:12:26 IST" duration-ms="8050" status="PASS">
          <reporter-output>
          </reporter-output>
        </test-method> <!-- Testing_Compare_Functionality -->
        <test-method is-config="true" signature="TearDown()[pri:0, instance:Test_Scripts_Sports_Fitness.Testing_Links@17f9d882]" started-at="2024-09-02T14:12:26 IST" name="TearDown" finished-at="2024-09-02T14:12:28 IST" duration-ms="2001" status="PASS">
          <reporter-output>
          </reporter-output>
        </test-method> <!-- TearDown -->
        <test-method is-config="true" signature="SetUp()[pri:0, instance:Test_Scripts_Sports_Fitness.Testing_Links@17f9d882]" started-at="2024-09-02T14:12:28 IST" name="SetUp" finished-at="2024-09-02T14:12:32 IST" duration-ms="3702" status="PASS">
          <reporter-output>
          </reporter-output>
        </test-method> <!-- SetUp -->
        <test-method signature="Testing_Quick_view_Functionality()[pri:5, instance:Test_Scripts_Sports_Fitness.Testing_Links@17f9d882]" started-at="2024-09-02T14:12:32 IST" name="Testing_Quick_view_Functionality" finished-at="2024-09-02T14:12:42 IST" duration-ms="10186" status="PASS">
          <reporter-output>
          </reporter-output>
        </test-method> <!-- Testing_Quick_view_Functionality -->
        <test-method is-config="true" signature="TearDown()[pri:0, instance:Test_Scripts_Sports_Fitness.Testing_Links@17f9d882]" started-at="2024-09-02T14:12:42 IST" name="TearDown" finished-at="2024-09-02T14:12:43 IST" duration-ms="813" status="PASS">
          <reporter-output>
          </reporter-output>
        </test-method> <!-- TearDown -->
        <test-method is-config="true" signature="SetUp()[pri:0, instance:Test_Scripts_Sports_Fitness.Testing_Links@17f9d882]" started-at="2024-09-02T14:12:43 IST" name="SetUp" finished-at="2024-09-02T14:12:46 IST" duration-ms="3757" status="PASS">
          <reporter-output>
          </reporter-output>
        </test-method> <!-- SetUp -->
        <test-method signature="Testing_AddToCart_Functionality()[pri:6, instance:Test_Scripts_Sports_Fitness.Testing_Links@17f9d882]" started-at="2024-09-02T14:12:46 IST" name="Testing_AddToCart_Functionality" finished-at="2024-09-02T14:13:07 IST" duration-ms="20602" status="PASS">
          <reporter-output>
          </reporter-output>
        </test-method> <!-- Testing_AddToCart_Functionality -->
        <test-method is-config="true" signature="TearDown()[pri:0, instance:Test_Scripts_Sports_Fitness.Testing_Links@17f9d882]" started-at="2024-09-02T14:13:07 IST" name="TearDown" finished-at="2024-09-02T14:13:07 IST" duration-ms="479" status="PASS">
          <reporter-output>
          </reporter-output>
        </test-method> <!-- TearDown -->
        <test-method is-config="true" signature="Flush_Report()[pri:0, instance:Test_Scripts_Sports_Fitness.Testing_Links@17f9d882]" started-at="2024-09-02T14:13:07 IST" name="Flush_Report" finished-at="2024-09-02T14:13:08 IST" duration-ms="359" status="PASS">
          <reporter-output>
          </reporter-output>
        </test-method> <!-- Flush_Report -->
      </class> <!-- Test_Scripts_Sports_Fitness.Testing_Links -->
    </test> <!-- Default test -->
  </suite> <!-- Default suite -->
</testng-results>
